#
# There is insufficient memory for the Java Runtime Environment to continue.
# Native memory allocation (malloc) failed to allocate 32744 bytes. Error detail: Chunk::new
# Possible reasons:
#   The system is out of physical RAM or swap space
#   This process is running with CompressedOops enabled, and the Java Heap may be blocking the growth of the native heap
# Possible solutions:
#   Reduce memory load on the system
#   Increase physical memory or swap space
#   Check if swap backing store is full
#   Decrease Java heap size (-Xmx/-Xms)
#   Decrease number of Java threads
#   Decrease Java thread stack sizes (-Xss)
#   Set larger code cache with -XX:ReservedCodeCacheSize=
#   JVM is running with Unscaled Compressed Oops mode in which the Java heap is
#     placed in the first 4GB address space. The Java Heap base address is the
#     maximum limit for the native heap growth. Please use -XX:HeapBaseMinAddress
#     to set the Java Heap base and to place the Java Heap above 4GB virtual address.
# This output file may be truncated or incomplete.
#
#  Out of Memory Error (arena.cpp:168), pid=31036, tid=30332
#
# JRE version: OpenJDK Runtime Environment Temurin-21.0.8+9 (21.0.8+9) (build 21.0.8+9-LTS)
# Java VM: OpenJDK 64-Bit Server VM Temurin-21.0.8+9 (21.0.8+9-LTS, mixed mode, sharing, tiered, compressed oops, compressed class ptrs, parallel gc, windows-amd64)
# No core dump will be written. Minidumps are not enabled by default on client versions of Windows
#

---------------  S U M M A R Y ------------

Command Line: --add-modules=ALL-SYSTEM --add-opens=java.base/java.util=ALL-UNNAMED --add-opens=java.base/java.lang=ALL-UNNAMED --add-opens=java.base/sun.nio.fs=ALL-UNNAMED -Declipse.application=org.eclipse.jdt.ls.core.id1 -Dosgi.bundles.defaultStartLevel=4 -Declipse.product=org.eclipse.jdt.ls.core.product -Djava.import.generatesMetadataFilesAtProjectRoot=false -DDetectVMInstallationsJob.disabled=true -Dfile.encoding=utf8 -XX:+UseParallelGC -XX:GCTimeRatio=4 -XX:AdaptiveSizePolicyWeight=90 -Dsun.zip.disableMemoryMapping=true -Xmx2G -Xms100m -Xlog:disable -javaagent:c:\Users\Thisi\.vscode\extensions\redhat.java-1.47.0-win32-x64\lombok\lombok-1.18.39-4050.jar c:\Users\Thisi\.vscode\extensions\redhat.java-1.47.0-win32-x64\server\plugins\org.eclipse.equinox.launcher_1.7.100.v20251014-1222.jar -configuration c:\Users\Thisi\AppData\Roaming\Code\User\globalStorage\redhat.java\1.47.0\config_ss_win -data c:\Users\Thisi\AppData\Roaming\Code\User\workspaceStorage\aa7b7efe11cc8f66dae6f3662980428e\redhat.java\ss_ws --pipe=\\.\pipe\lsp-f441cce70479b95aebe2ee79c1f04d7f-sock

Host: 11th Gen Intel(R) Core(TM) i5-1135G7 @ 2.40GHz, 8 cores, 15G,  Windows 11 , 64 bit Build 26100 (10.0.26100.7019)
Time: Mon Nov  3 06:44:50 2025 Egypt Standard Time elapsed time: 12.604632 seconds (0d 0h 0m 12s)

---------------  T H R E A D  ---------------

Current thread (0x000001f2f1d7d5b0):  JavaThread "C2 CompilerThread2" daemon [_thread_in_native, id=30332, stack(0x0000009132a00000,0x0000009132b00000) (1024K)]


Current CompileTask:
C2:12605 2126       4       org.apache.felix.resolver.util.OpenHashMap::get (116 bytes)

Stack: [0x0000009132a00000,0x0000009132b00000]
Native frames: (J=compiled Java code, j=interpreted, Vv=VM code, C=native code)
V  [jvm.dll+0x6d2449]
V  [jvm.dll+0x8ae341]
V  [jvm.dll+0x8b08be]
V  [jvm.dll+0x8b0fa3]
V  [jvm.dll+0x280c96]
V  [jvm.dll+0xc581d]
V  [jvm.dll+0xc5d53]
V  [jvm.dll+0x6fdd5c]
V  [jvm.dll+0x1e14d6]
V  [jvm.dll+0x249022]
V  [jvm.dll+0x2484af]
V  [jvm.dll+0x1c89ee]
V  [jvm.dll+0x257d4d]
V  [jvm.dll+0x2562ea]
V  [jvm.dll+0x3f2d16]
V  [jvm.dll+0x857e6b]
V  [jvm.dll+0x6d0b0d]
C  [ucrtbase.dll+0x37b0]
C  [KERNEL32.DLL+0x2e8d7]
C  [ntdll.dll+0x8c53c]


---------------  P R O C E S S  ---------------

Threads class SMR info:
_java_thread_list=0x000001f2f1c1d050, length=25, elements={
0x000001f2d90eeb30, 0x000001f2d9062840, 0x000001f2d9063290, 0x000001f2d9066d30,
0x000001f2d9069da0, 0x000001f2d906eaf0, 0x000001f2d9070980, 0x000001f2d9082600,
0x000001f2d9083270, 0x000001f2d915bf30, 0x000001f2f1635390, 0x000001f2f1b9e800,
0x000001f2f1b9f790, 0x000001f2f1b9fdf0, 0x000001f2f1b94a30, 0x000001f2f1b95090,
0x000001f2f1e4aff0, 0x000001f2f1c105b0, 0x000001f2f1acd5c0, 0x000001f2f617ece0,
0x000001f2f617dfc0, 0x000001f2f617c580, 0x000001f2f617b860, 0x000001f2f1685940,
0x000001f2f1d7d5b0
}
_to_delete_list=0x000001f2f1c1ce10, length=24, elements={
0x000001f2d90eeb30, 0x000001f2d9062840, 0x000001f2d9063290, 0x000001f2d9066d30,
0x000001f2d9069da0, 0x000001f2d906eaf0, 0x000001f2d9070980, 0x000001f2d9082600,
0x000001f2d9083270, 0x000001f2d915bf30, 0x000001f2f1635390, 0x000001f2f1b9e800,
0x000001f2f1b9f790, 0x000001f2f1b9fdf0, 0x000001f2f1b94a30, 0x000001f2f1b95090,
0x000001f2f1e4aff0, 0x000001f2f1c105b0, 0x000001f2f1acd5c0, 0x000001f2f617ece0,
0x000001f2f617dfc0, 0x000001f2f617c580, 0x000001f2f617b860, 0x000001f2f1685940
}

Java Threads: ( => current thread )
  0x000001f2d90eeb30 JavaThread "main"                              [_thread_blocked, id=28560, stack(0x0000009130800000,0x0000009130900000) (1024K)]
  0x000001f2d9062840 JavaThread "Reference Handler"          daemon [_thread_blocked, id=28684, stack(0x0000009130c00000,0x0000009130d00000) (1024K)]
  0x000001f2d9063290 JavaThread "Finalizer"                  daemon [_thread_blocked, id=28892, stack(0x0000009130d00000,0x0000009130e00000) (1024K)]
  0x000001f2d9066d30 JavaThread "Signal Dispatcher"          daemon [_thread_blocked, id=27492, stack(0x0000009130e00000,0x0000009130f00000) (1024K)]
  0x000001f2d9069da0 JavaThread "Attach Listener"            daemon [_thread_blocked, id=25956, stack(0x0000009130f00000,0x0000009131000000) (1024K)]
  0x000001f2d906eaf0 JavaThread "Service Thread"             daemon [_thread_blocked, id=21948, stack(0x0000009131000000,0x0000009131100000) (1024K)]
  0x000001f2d9070980 JavaThread "Monitor Deflation Thread"   daemon [_thread_blocked, id=24108, stack(0x0000009131100000,0x0000009131200000) (1024K)]
  0x000001f2d9082600 JavaThread "C2 CompilerThread0"         daemon [_thread_in_native, id=26744, stack(0x0000009131200000,0x0000009131300000) (1024K)]
  0x000001f2d9083270 JavaThread "C1 CompilerThread0"         daemon [_thread_blocked, id=27764, stack(0x0000009131300000,0x0000009131400000) (1024K)]
  0x000001f2d915bf30 JavaThread "Common-Cleaner"             daemon [_thread_blocked, id=29248, stack(0x0000009131400000,0x0000009131500000) (1024K)]
  0x000001f2f1635390 JavaThread "Notification Thread"        daemon [_thread_blocked, id=20620, stack(0x0000009131500000,0x0000009131600000) (1024K)]
  0x000001f2f1b9e800 JavaThread "Equinox resolver thread - Equinox Container: abbbcd55-ded4-41d6-bb19-66ae4d3f4b16" daemon [_thread_blocked, id=21348, stack(0x0000009131700000,0x0000009131800000) (1024K)]
  0x000001f2f1b9f790 JavaThread "Equinox resolver thread - Equinox Container: abbbcd55-ded4-41d6-bb19-66ae4d3f4b16" daemon [_thread_blocked, id=30024, stack(0x0000009131e00000,0x0000009131f00000) (1024K)]
  0x000001f2f1b9fdf0 JavaThread "Equinox resolver thread - Equinox Container: abbbcd55-ded4-41d6-bb19-66ae4d3f4b16" daemon [_thread_blocked, id=31228, stack(0x0000009131f00000,0x0000009132000000) (1024K)]
  0x000001f2f1b94a30 JavaThread "Equinox resolver thread - Equinox Container: abbbcd55-ded4-41d6-bb19-66ae4d3f4b16" daemon [_thread_blocked, id=30236, stack(0x0000009132000000,0x0000009132100000) (1024K)]
  0x000001f2f1b95090 JavaThread "Equinox resolver thread - Equinox Container: abbbcd55-ded4-41d6-bb19-66ae4d3f4b16" daemon [_thread_blocked, id=30752, stack(0x0000009132100000,0x0000009132200000) (1024K)]
  0x000001f2f1e4aff0 JavaThread "Equinox resolver thread - Equinox Container: abbbcd55-ded4-41d6-bb19-66ae4d3f4b16" daemon [_thread_blocked, id=25128, stack(0x0000009132200000,0x0000009132300000) (1024K)]
  0x000001f2f1c105b0 JavaThread "Active Thread: Equinox Container: abbbcd55-ded4-41d6-bb19-66ae4d3f4b16"        [_thread_blocked, id=31432, stack(0x0000009131600000,0x0000009131700000) (1024K)]
  0x000001f2f1acd5c0 JavaThread "Framework Event Dispatcher: Equinox Container: abbbcd55-ded4-41d6-bb19-66ae4d3f4b16" daemon [_thread_blocked, id=22876, stack(0x0000009132300000,0x0000009132400000) (1024K)]
  0x000001f2f617ece0 JavaThread "Start Level: Equinox Container: abbbcd55-ded4-41d6-bb19-66ae4d3f4b16" daemon [_thread_blocked, id=5860, stack(0x0000009132400000,0x0000009132500000) (1024K)]
  0x000001f2f617dfc0 JavaThread "Refresh Thread: Equinox Container: abbbcd55-ded4-41d6-bb19-66ae4d3f4b16" daemon [_thread_in_Java, id=19932, stack(0x0000009132600000,0x0000009132700000) (1024K)]
  0x000001f2f617c580 JavaThread "Equinox resolver thread - Equinox Container: abbbcd55-ded4-41d6-bb19-66ae4d3f4b16" daemon [_thread_blocked, id=30652, stack(0x0000009132700000,0x0000009132800000) (1024K)]
  0x000001f2f617b860 JavaThread "Equinox resolver thread - Equinox Container: abbbcd55-ded4-41d6-bb19-66ae4d3f4b16" daemon [_thread_blocked, id=30684, stack(0x0000009132800000,0x0000009132900000) (1024K)]
  0x000001f2f1685940 JavaThread "C2 CompilerThread1"         daemon [_thread_in_native, id=21892, stack(0x0000009132900000,0x0000009132a00000) (1024K)]
=>0x000001f2f1d7d5b0 JavaThread "C2 CompilerThread2"         daemon [_thread_in_native, id=30332, stack(0x0000009132a00000,0x0000009132b00000) (1024K)]
Total: 25

Other Threads:
  0x000001f2d9043be0 VMThread "VM Thread"                           [id=27496, stack(0x0000009130b00000,0x0000009130c00000) (1024K)]
  0x000001f2d915a330 WatcherThread "VM Periodic Task Thread"        [id=28080, stack(0x0000009130a00000,0x0000009130b00000) (1024K)]
  0x000001f2d910c190 WorkerThread "GC Thread#0"                     [id=27960, stack(0x0000009130900000,0x0000009130a00000) (1024K)]
  0x000001f2f1cf4400 WorkerThread "GC Thread#1"                     [id=28888, stack(0x0000009131800000,0x0000009131900000) (1024K)]
  0x000001f2f1cf47a0 WorkerThread "GC Thread#2"                     [id=28928, stack(0x0000009131900000,0x0000009131a00000) (1024K)]
  0x000001f2f1bd6b40 WorkerThread "GC Thread#3"                     [id=9092, stack(0x0000009131a00000,0x0000009131b00000) (1024K)]
  0x000001f2f1ad2bd0 WorkerThread "GC Thread#4"                     [id=20064, stack(0x0000009131b00000,0x0000009131c00000) (1024K)]
  0x000001f2f1ad2f70 WorkerThread "GC Thread#5"                     [id=24260, stack(0x0000009131c00000,0x0000009131d00000) (1024K)]
  0x000001f2f1ad3310 WorkerThread "GC Thread#6"                     [id=18100, stack(0x0000009131d00000,0x0000009131e00000) (1024K)]
  0x000001f2f1ace030 WorkerThread "GC Thread#7"                     [id=25216, stack(0x0000009132500000,0x0000009132600000) (1024K)]
Total: 10

Threads with active compile tasks:
C2 CompilerThread0  16623 2086       4       org.eclipse.osgi.container.ModuleCapability::getAttributes (39 bytes)
C2 CompilerThread1  16623 2140       4       org.apache.felix.resolver.PackageSpaces::mergeUses (494 bytes)
C2 CompilerThread2  16623 2126       4       org.apache.felix.resolver.util.OpenHashMap::get (116 bytes)
Total: 3

VM state: not at safepoint (normal execution)

VM Mutex/Monitor currently owned by a thread: None

Heap address: 0x0000000080000000, size: 2048 MB, Compressed Oops mode: 32-bit

CDS archive(s) mapped at: [0x000001f280000000-0x000001f280ba0000-0x000001f280ba0000), size 12189696, SharedBaseAddress: 0x000001f280000000, ArchiveRelocationMode: 1.
Compressed class space mapped at: 0x000001f281000000-0x000001f2c1000000, reserved size: 1073741824
Narrow klass base: 0x000001f280000000, Narrow klass shift: 0, Narrow klass range: 0x100000000

GC Precious Log:
 CardTable entry size: 512
 CPUs: 8 total, 8 available
 Memory: 16082M
 Large Page Support: Disabled
 NUMA Support: Disabled
 Compressed Oops: Enabled (32-bit)
 Alignments: Space 512K, Generation 512K, Heap 2M
 Heap Min Capacity: 100M
 Heap Initial Capacity: 100M
 Heap Max Capacity: 2G
 Pre-touch: Disabled
 Parallel Workers: 8

Heap:
 PSYoungGen      total 29696K, used 26693K [0x00000000d5580000, 0x00000000d7680000, 0x0000000100000000)
  eden space 25600K, 88% used [0x00000000d5580000,0x00000000d6b974d0,0x00000000d6e80000)
  from space 4096K, 99% used [0x00000000d7280000,0x00000000d767a2f0,0x00000000d7680000)
  to   space 4096K, 0% used [0x00000000d6e80000,0x00000000d6e80000,0x00000000d7280000)
 ParOldGen       total 68608K, used 297K [0x0000000080000000, 0x0000000084300000, 0x00000000d5580000)
  object space 68608K, 0% used [0x0000000080000000,0x000000008004a688,0x0000000084300000)
 Metaspace       used 8840K, committed 9152K, reserved 1114112K
  class space    used 925K, committed 1088K, reserved 1048576K

Card table byte_map: [0x000001f2d8a90000,0x000001f2d8ea0000] _byte_map_base: 0x000001f2d8690000

Marking Bits: (ParMarkBitMap*) 0x00007ffdead1a340
 Begin Bits: [0x000001f2eb590000, 0x000001f2ed590000)
 End Bits:   [0x000001f2ed590000, 0x000001f2ef590000)

Polling page: 0x000001f2d6ed0000

Metaspace:

Usage:
  Non-class:      7.73 MB used.
      Class:    925.45 KB used.
       Both:      8.63 MB used.

Virtual space:
  Non-class space:       64.00 MB reserved,       7.88 MB ( 12%) committed,  1 nodes.
      Class space:        1.00 GB reserved,       1.06 MB ( <1%) committed,  1 nodes.
             Both:        1.06 GB reserved,       8.94 MB ( <1%) committed. 

Chunk freelists:
   Non-Class:  7.78 MB
       Class:  14.85 MB
        Both:  22.63 MB

MaxMetaspaceSize: unlimited
CompressedClassSpaceSize: 1.00 GB
Initial GC threshold: 21.00 MB
Current GC threshold: 21.00 MB
CDS: on
 - commit_granule_bytes: 65536.
 - commit_granule_words: 8192.
 - virtual_space_node_default_size: 8388608.
 - enlarge_chunks_in_place: 1.
 - use_allocation_guard: 0.


Internal statistics:

num_allocs_failed_limit: 0.
num_arena_births: 236.
num_arena_deaths: 0.
num_vsnodes_births: 2.
num_vsnodes_deaths: 0.
num_space_committed: 143.
num_space_uncommitted: 0.
num_chunks_returned_to_freelist: 0.
num_chunks_taken_from_freelist: 453.
num_chunk_merges: 0.
num_chunk_splits: 294.
num_chunks_enlarged: 198.
num_inconsistent_stats: 0.

CodeHeap 'non-profiled nmethods': size=120000Kb used=886Kb max_used=886Kb free=119113Kb
 bounds [0x000001f2e3db0000, 0x000001f2e4020000, 0x000001f2eb2e0000]
CodeHeap 'profiled nmethods': size=120000Kb used=4114Kb max_used=4114Kb free=115886Kb
 bounds [0x000001f2dc2e0000, 0x000001f2dc6f0000, 0x000001f2e3810000]
CodeHeap 'non-nmethods': size=5760Kb used=1229Kb max_used=1248Kb free=4531Kb
 bounds [0x000001f2e3810000, 0x000001f2e3a80000, 0x000001f2e3db0000]
CodeCache: size=245760Kb, used=6229Kb, max_used=6248Kb, free=239530Kb
 total_blobs=2677, nmethods=2199, adapters=384, full_count=0
Compilation: enabled, stopped_count=0, restarted_count=0

Compilation events (20 events):
Event: 10.569 Thread 0x000001f2d9083270 2120       3       org.apache.felix.resolver.PackageSpaces::mergeUses (494 bytes)
Event: 10.572 Thread 0x000001f2d9083270 nmethod 2120 0x000001f2dc6ae090 code [0x000001f2dc6ae660, 0x000001f2dc6b1d60]
Event: 10.572 Thread 0x000001f2d9083270 2123       3       java.util.concurrent.ConcurrentHashMap::get (162 bytes)
Event: 10.572 Thread 0x000001f2f1d7d5b0 2126       4       org.apache.felix.resolver.util.OpenHashMap::get (116 bytes)
Event: 10.573 Thread 0x000001f2d9083270 nmethod 2123 0x000001f2dc6b3010 code [0x000001f2dc6b3280, 0x000001f2dc6b3cc0]
Event: 10.573 Thread 0x000001f2d9083270 2128       3       java.util.Collections::singletonIterator (9 bytes)
Event: 10.573 Thread 0x000001f2d9083270 nmethod 2128 0x000001f2dc6b3f90 code [0x000001f2dc6b4140, 0x000001f2dc6b4368]
Event: 10.573 Thread 0x000001f2d9083270 2129       3       java.util.Collections$1::<init> (15 bytes)
Event: 10.573 Thread 0x000001f2d9083270 nmethod 2129 0x000001f2dc6b4490 code [0x000001f2dc6b4640, 0x000001f2dc6b47c8]
Event: 10.573 Thread 0x000001f2d9083270 2130       3       java.util.Collections$1::next (25 bytes)
Event: 10.573 Thread 0x000001f2d9083270 nmethod 2130 0x000001f2dc6b4890 code [0x000001f2dc6b4a40, 0x000001f2dc6b4c60]
Event: 10.573 Thread 0x000001f2d9083270 2122       1       org.apache.felix.resolver.ResolveSession::getUsesCache (5 bytes)
Event: 10.573 Thread 0x000001f2d9083270 nmethod 2122 0x000001f2e3e88410 code [0x000001f2e3e885a0, 0x000001f2e3e88668]
Event: 10.573 Thread 0x000001f2d9083270 2137       3       org.apache.felix.resolver.PackageSpaces::addUsedBlames (182 bytes)
Event: 10.575 Thread 0x000001f2d9083270 nmethod 2137 0x000001f2dc6b4d90 code [0x000001f2dc6b5180, 0x000001f2dc6b6d78]
Event: 10.575 Thread 0x000001f2d9083270 2136       3       org.apache.felix.resolver.util.ArrayMap::getOrCompute (126 bytes)
Event: 10.576 Thread 0x000001f2d9083270 nmethod 2136 0x000001f2dc6b7690 code [0x000001f2dc6b78a0, 0x000001f2dc6b8150]
Event: 10.576 Thread 0x000001f2d9083270 2119       1       java.util.Collections$SingletonList::size (2 bytes)
Event: 10.576 Thread 0x000001f2d9083270 nmethod 2119 0x000001f2e3e88710 code [0x000001f2e3e888a0, 0x000001f2e3e88968]
Event: 10.576 Thread 0x000001f2d9083270 2131       3       org.apache.felix.resolver.UsedBlames::addBlame (149 bytes)

GC Heap History (4 events):
Event: 2.683 GC heap before
{Heap before GC invocations=1 (full 0):
 PSYoungGen      total 29696K, used 25600K [0x00000000d5580000, 0x00000000d7680000, 0x0000000100000000)
  eden space 25600K, 100% used [0x00000000d5580000,0x00000000d6e80000,0x00000000d6e80000)
  from space 4096K, 0% used [0x00000000d7280000,0x00000000d7280000,0x00000000d7680000)
  to   space 4096K, 0% used [0x00000000d6e80000,0x00000000d6e80000,0x00000000d7280000)
 ParOldGen       total 68608K, used 0K [0x0000000080000000, 0x0000000084300000, 0x00000000d5580000)
  object space 68608K, 0% used [0x0000000080000000,0x0000000080000000,0x0000000084300000)
 Metaspace       used 4449K, committed 4672K, reserved 1114112K
  class space    used 491K, committed 576K, reserved 1048576K
}
Event: 2.689 GC heap after
{Heap after GC invocations=1 (full 0):
 PSYoungGen      total 29696K, used 3287K [0x00000000d5580000, 0x00000000d7680000, 0x0000000100000000)
  eden space 25600K, 0% used [0x00000000d5580000,0x00000000d5580000,0x00000000d6e80000)
  from space 4096K, 80% used [0x00000000d6e80000,0x00000000d71b5ea8,0x00000000d7280000)
  to   space 4096K, 0% used [0x00000000d7280000,0x00000000d7280000,0x00000000d7680000)
 ParOldGen       total 68608K, used 16K [0x0000000080000000, 0x0000000084300000, 0x00000000d5580000)
  object space 68608K, 0% used [0x0000000080000000,0x0000000080004000,0x0000000084300000)
 Metaspace       used 4449K, committed 4672K, reserved 1114112K
  class space    used 491K, committed 576K, reserved 1048576K
}
Event: 5.609 GC heap before
{Heap before GC invocations=2 (full 0):
 PSYoungGen      total 29696K, used 28887K [0x00000000d5580000, 0x00000000d7680000, 0x0000000100000000)
  eden space 25600K, 100% used [0x00000000d5580000,0x00000000d6e80000,0x00000000d6e80000)
  from space 4096K, 80% used [0x00000000d6e80000,0x00000000d71b5ea8,0x00000000d7280000)
  to   space 4096K, 0% used [0x00000000d7280000,0x00000000d7280000,0x00000000d7680000)
 ParOldGen       total 68608K, used 16K [0x0000000080000000, 0x0000000084300000, 0x00000000d5580000)
  object space 68608K, 0% used [0x0000000080000000,0x0000000080004000,0x0000000084300000)
 Metaspace       used 8300K, committed 8576K, reserved 1114112K
  class space    used 887K, committed 1024K, reserved 1048576K
}
Event: 5.614 GC heap after
{Heap after GC invocations=2 (full 0):
 PSYoungGen      total 29696K, used 4072K [0x00000000d5580000, 0x00000000d7680000, 0x0000000100000000)
  eden space 25600K, 0% used [0x00000000d5580000,0x00000000d5580000,0x00000000d6e80000)
  from space 4096K, 99% used [0x00000000d7280000,0x00000000d767a2f0,0x00000000d7680000)
  to   space 4096K, 0% used [0x00000000d6e80000,0x00000000d6e80000,0x00000000d7280000)
 ParOldGen       total 68608K, used 297K [0x0000000080000000, 0x0000000084300000, 0x00000000d5580000)
  object space 68608K, 0% used [0x0000000080000000,0x000000008004a688,0x0000000084300000)
 Metaspace       used 8300K, committed 8576K, reserved 1114112K
  class space    used 887K, committed 1024K, reserved 1048576K
}

Dll operation events (9 events):
Event: 0.740 Loaded shared library c:\Users\Thisi\.vscode\extensions\redhat.java-1.47.0-win32-x64\jre\21.0.8-win32-x86_64\bin\java.dll
Event: 1.220 Loaded shared library c:\Users\Thisi\.vscode\extensions\redhat.java-1.47.0-win32-x64\jre\21.0.8-win32-x86_64\bin\zip.dll
Event: 1.297 Loaded shared library C:\Users\Thisi\.vscode\extensions\redhat.java-1.47.0-win32-x64\jre\21.0.8-win32-x86_64\bin\instrument.dll
Event: 1.309 Loaded shared library C:\Users\Thisi\.vscode\extensions\redhat.java-1.47.0-win32-x64\jre\21.0.8-win32-x86_64\bin\net.dll
Event: 1.319 Loaded shared library C:\Users\Thisi\.vscode\extensions\redhat.java-1.47.0-win32-x64\jre\21.0.8-win32-x86_64\bin\nio.dll
Event: 1.322 Loaded shared library C:\Users\Thisi\.vscode\extensions\redhat.java-1.47.0-win32-x64\jre\21.0.8-win32-x86_64\bin\zip.dll
Event: 1.413 Loaded shared library C:\Users\Thisi\.vscode\extensions\redhat.java-1.47.0-win32-x64\jre\21.0.8-win32-x86_64\bin\jimage.dll
Event: 1.807 Loaded shared library c:\Users\Thisi\.vscode\extensions\redhat.java-1.47.0-win32-x64\jre\21.0.8-win32-x86_64\bin\verify.dll
Event: 8.487 Loaded shared library C:\Users\Thisi\AppData\Roaming\Code\User\globalStorage\redhat.java\1.47.0\config_ss_win\org.eclipse.equinox.launcher\org.eclipse.equinox.launcher.win32.win32.x86_64_1.2.1400.v20250801-0854\eclipse_11916.dll

Deoptimization events (20 events):
Event: 9.555 Thread 0x000001f2f1b9e800 DEOPT UNPACKING pc=0x000001f2e3866da2 sp=0x00000091317fed28 mode 2
Event: 9.555 Thread 0x000001f2f617b860 Uncommon trap: reason=unstable_if action=reinterpret pc=0x000001f2e3e7f7ac method=java.util.concurrent.ConcurrentHashMap.addCount(JI)V @ 34 c2
Event: 9.555 Thread 0x000001f2f617b860 DEOPT PACKING pc=0x000001f2e3e7f7ac sp=0x00000091328fec60
Event: 9.555 Thread 0x000001f2f617b860 DEOPT UNPACKING pc=0x000001f2e3866da2 sp=0x00000091328febc0 mode 2
Event: 9.555 Thread 0x000001f2f617c580 Uncommon trap: trap_request=0xffffffcc fr.pc=0x000001f2e3e83078 relative=0x0000000000000238
Event: 9.555 Thread 0x000001f2f617c580 Uncommon trap: reason=intrinsic_or_type_checked_inlining action=make_not_entrant pc=0x000001f2e3e83078 method=java.util.ArrayList.toArray([Ljava/lang/Object;)[Ljava/lang/Object; @ 36 c2
Event: 9.555 Thread 0x000001f2f617c580 DEOPT PACKING pc=0x000001f2e3e83078 sp=0x00000091327fdb40
Event: 9.555 Thread 0x000001f2f617c580 DEOPT UNPACKING pc=0x000001f2e3866da2 sp=0x00000091327fdae0 mode 2
Event: 10.568 Thread 0x000001f2f1b95090 Uncommon trap: trap_request=0xffffff45 fr.pc=0x000001f2e3e493b0 relative=0x0000000000000270
Event: 10.568 Thread 0x000001f2f617b860 Uncommon trap: trap_request=0xffffff45 fr.pc=0x000001f2e3e493b0 relative=0x0000000000000270
Event: 10.568 Thread 0x000001f2f1b9fdf0 Uncommon trap: trap_request=0xffffff45 fr.pc=0x000001f2e3e493b0 relative=0x0000000000000270
Event: 10.568 Thread 0x000001f2f1b95090 Uncommon trap: reason=unstable_if action=reinterpret pc=0x000001f2e3e493b0 method=java.util.concurrent.ConcurrentHashMap.get(Ljava/lang/Object;)Ljava/lang/Object; @ 86 c2
Event: 10.568 Thread 0x000001f2f617b860 Uncommon trap: reason=unstable_if action=reinterpret pc=0x000001f2e3e493b0 method=java.util.concurrent.ConcurrentHashMap.get(Ljava/lang/Object;)Ljava/lang/Object; @ 86 c2
Event: 10.568 Thread 0x000001f2f1b9fdf0 Uncommon trap: reason=unstable_if action=reinterpret pc=0x000001f2e3e493b0 method=java.util.concurrent.ConcurrentHashMap.get(Ljava/lang/Object;)Ljava/lang/Object; @ 86 c2
Event: 10.568 Thread 0x000001f2f1b95090 DEOPT PACKING pc=0x000001f2e3e493b0 sp=0x00000091321fee00
Event: 10.568 Thread 0x000001f2f1b95090 DEOPT UNPACKING pc=0x000001f2e3866da2 sp=0x00000091321fed78 mode 2
Event: 10.568 Thread 0x000001f2f617b860 DEOPT PACKING pc=0x000001f2e3e493b0 sp=0x00000091328feea0
Event: 10.568 Thread 0x000001f2f1b9fdf0 DEOPT PACKING pc=0x000001f2e3e493b0 sp=0x0000009131ffecf0
Event: 10.568 Thread 0x000001f2f617b860 DEOPT UNPACKING pc=0x000001f2e3866da2 sp=0x00000091328fee18 mode 2
Event: 10.568 Thread 0x000001f2f1b9fdf0 DEOPT UNPACKING pc=0x000001f2e3866da2 sp=0x0000009131ffec68 mode 2

Classes loaded (20 events):
Event: 4.035 Loading class java/lang/Thread$Builder$OfPlatform
Event: 4.061 Loading class java/lang/Thread$Builder
Event: 4.061 Loading class java/lang/Thread$Builder done
Event: 4.061 Loading class java/lang/Thread$Builder$OfPlatform done
Event: 4.061 Loading class java/lang/Thread$Builder$OfVirtual
Event: 4.061 Loading class java/lang/Thread$Builder$OfVirtual done
Event: 5.453 Loading class java/util/MissingResourceException
Event: 5.453 Loading class java/util/MissingResourceException done
Event: 8.487 Loading class java/util/ArrayList$ListItr
Event: 8.487 Loading class java/util/ArrayList$ListItr done
Event: 8.487 Loading class java/util/concurrent/locks/AbstractQueuedSynchronizer$SharedNode
Event: 8.498 Loading class java/util/concurrent/locks/AbstractQueuedSynchronizer$SharedNode done
Event: 8.500 Loading class java/util/Collections$ReverseComparator
Event: 8.507 Loading class java/util/Collections$ReverseComparator done
Event: 8.510 Loading class java/util/Comparators$NaturalOrderComparator
Event: 8.510 Loading class java/util/Comparators$NaturalOrderComparator done
Event: 8.510 Loading class java/util/Collections$ReverseComparator2
Event: 8.510 Loading class java/util/Collections$ReverseComparator2 done
Event: 9.556 Loading class java/util/AbstractList$Itr
Event: 9.576 Loading class java/util/AbstractList$Itr done

Classes unloaded (0 events):
No events

Classes redefined (0 events):
No events

Internal exceptions (20 events):
Event: 2.697 Thread 0x000001f2d90eeb30 Exception <a 'java/lang/ClassNotFoundException'{0x00000000d55ca020}: sun/net/www/protocol/c/Handler> (0x00000000d55ca020) 
thrown [s\src\hotspot\share\classfile\systemDictionary.cpp, line 312]
Event: 2.697 Thread 0x000001f2d90eeb30 Exception <a 'java/lang/ClassNotFoundException'{0x00000000d55cb3a8}: sun/net/www/protocol/c/Handler> (0x00000000d55cb3a8) 
thrown [s\src\hotspot\share\classfile\systemDictionary.cpp, line 312]
Event: 2.697 Thread 0x000001f2d90eeb30 Exception <a 'java/lang/ClassNotFoundException'{0x00000000d55cc568}: sun/net/www/protocol/c/Handler> (0x00000000d55cc568) 
thrown [s\src\hotspot\share\classfile\systemDictionary.cpp, line 312]
Event: 2.705 Thread 0x000001f2d90eeb30 Exception <a 'java/io/FileNotFoundException'{0x00000000d55f1028}> (0x00000000d55f1028) 
thrown [s\src\hotspot\share\prims\jni.cpp, line 520]
Event: 2.741 Thread 0x000001f2d90eeb30 Implicit null exception at 0x000001f2e3e0b029 to 0x000001f2e3e0b8c8
Event: 2.741 Thread 0x000001f2d90eeb30 Implicit null exception at 0x000001f2e3e0e01a to 0x000001f2e3e0e220
Event: 2.741 Thread 0x000001f2d90eeb30 Exception <a 'java/lang/NoSuchMethodError'{0x00000000d57a1f00}: 'void java.lang.invoke.DirectMethodHandle$Holder.invokeStatic(java.lang.Object, java.lang.Object, java.lang.Object, java.lang.Object)'> (0x00000000d57a1f00) 
thrown [s\src\hotspot\share\interpreter\linkResolver.cpp, line 773]
Event: 2.742 Thread 0x000001f2d90eeb30 Implicit null exception at 0x000001f2e3e11f1a to 0x000001f2e3e12124
Event: 2.742 Thread 0x000001f2d90eeb30 Implicit null exception at 0x000001f2e3e0c2bd to 0x000001f2e3e0c341
Event: 2.995 Thread 0x000001f2d90eeb30 Exception <a 'java/lang/NoSuchMethodError'{0x00000000d5b9ef48}: 'int java.lang.invoke.DirectMethodHandle$Holder.invokeVirtual(java.lang.Object, java.lang.Object)'> (0x00000000d5b9ef48) 
thrown [s\src\hotspot\share\interpreter\linkResolver.cpp, line 773]
Event: 3.584 Thread 0x000001f2d90eeb30 Exception <a 'java/lang/IncompatibleClassChangeError'{0x00000000d656c780}: Found class java.lang.Object, but interface was expected> (0x00000000d656c780) 
thrown [s\src\hotspot\share\interpreter\linkResolver.cpp, line 840]
Event: 3.585 Thread 0x000001f2d90eeb30 Exception <a 'java/lang/NoSuchMethodError'{0x00000000d65752a0}: 'void java.lang.invoke.DirectMethodHandle$Holder.invokeInterface(java.lang.Object, java.lang.Object, java.lang.Object)'> (0x00000000d65752a0) 
thrown [s\src\hotspot\share\interpreter\linkResolver.cpp, line 773]
Event: 3.752 Thread 0x000001f2d90eeb30 Exception <a 'java/lang/NoSuchMethodError'{0x00000000d67e6750}: 'int java.lang.invoke.DirectMethodHandle$Holder.invokeStaticInit(java.lang.Object, java.lang.Object, java.lang.Object, java.lang.Object)'> (0x00000000d67e6750) 
thrown [s\src\hotspot\share\interpreter\linkResolver.cpp, line 773]
Event: 3.753 Thread 0x000001f2d90eeb30 Exception <a 'java/lang/NoSuchMethodError'{0x00000000d67f0de0}: 'void java.lang.invoke.DirectMethodHandle$Holder.invokeStaticInit(java.lang.Object, java.lang.Object)'> (0x00000000d67f0de0) 
thrown [s\src\hotspot\share\interpreter\linkResolver.cpp, line 773]
Event: 3.754 Thread 0x000001f2d90eeb30 Exception <a 'java/lang/NoSuchMethodError'{0x00000000d67f6548}: 'int java.lang.invoke.DirectMethodHandle$Holder.invokeStaticInit(java.lang.Object, java.lang.Object)'> (0x00000000d67f6548) 
thrown [s\src\hotspot\share\interpreter\linkResolver.cpp, line 773]
Event: 3.893 Thread 0x000001f2d90eeb30 Exception <a 'java/lang/NoSuchMethodError'{0x00000000d69dea00}: 'java.lang.Object java.lang.invoke.DirectMethodHandle$Holder.newInvokeSpecial(java.lang.Object, int, java.lang.Object)'> (0x00000000d69dea00) 
thrown [s\src\hotspot\share\interpreter\linkResolver.cpp, line 773]
Event: 3.962 Thread 0x000001f2d90eeb30 Exception <a 'java/lang/ClassNotFoundException'{0x00000000d6b5ac68}: sun/net/www/protocol/plurl/Handler> (0x00000000d6b5ac68) 
thrown [s\src\hotspot\share\classfile\systemDictionary.cpp, line 312]
Event: 3.962 Thread 0x000001f2d90eeb30 Exception <a 'java/lang/ClassNotFoundException'{0x00000000d6b5bae8}: sun/net/www/protocol/plurl/Handler> (0x00000000d6b5bae8) 
thrown [s\src\hotspot\share\classfile\systemDictionary.cpp, line 312]
Event: 3.967 Thread 0x000001f2d90eeb30 Exception <a 'java/lang/NoSuchMethodError'{0x00000000d6b9ba98}: 'void java.lang.invoke.DirectMethodHandle$Holder.invokeSpecial(java.lang.Object, java.lang.Object, java.lang.Object)'> (0x00000000d6b9ba98) 
thrown [s\src\hotspot\share\interpreter\linkResolver.cpp, line 773]
Event: 8.484 Thread 0x000001f2d90eeb30 Exception <a 'java/lang/UnsatisfiedLinkError'{0x00000000d626b918}: 'void org.eclipse.equinox.launcher.JNIBridge._update_splash()'> (0x00000000d626b918) 
thrown [s\src\hotspot\share\prims\nativeLookup.cpp, line 415]

ZGC Phase Switch (0 events):
No events

VM Operations (20 events):
Event: 3.866 Executing VM operation: Cleanup
Event: 3.866 Executing VM operation: Cleanup done
Event: 3.934 Executing VM operation: HandshakeAllThreads (Deoptimize)
Event: 3.934 Executing VM operation: HandshakeAllThreads (Deoptimize) done
Event: 4.934 Executing VM operation: Cleanup
Event: 4.934 Executing VM operation: Cleanup done
Event: 5.609 Executing VM operation: ParallelGCFailedAllocation (Allocation Failure)
Event: 5.614 Executing VM operation: ParallelGCFailedAllocation (Allocation Failure) done
Event: 7.614 Executing VM operation: Cleanup
Event: 7.614 Executing VM operation: Cleanup done
Event: 8.488 Executing VM operation: HandshakeAllThreads (Deoptimize)
Event: 8.497 Executing VM operation: HandshakeAllThreads (Deoptimize) done
Event: 8.545 Executing VM operation: HandshakeAllThreads (Deoptimize)
Event: 8.545 Executing VM operation: HandshakeAllThreads (Deoptimize) done
Event: 9.545 Executing VM operation: Cleanup
Event: 9.553 Executing VM operation: Cleanup done
Event: 10.553 Executing VM operation: Cleanup
Event: 10.556 Executing VM operation: Cleanup done
Event: 11.556 Executing VM operation: Cleanup
Event: 11.556 Executing VM operation: Cleanup done

Memory protections (0 events):
No events

Nmethod flushes (0 events):
No events

Events (20 events):
Event: 3.428 Thread 0x000001f2f1c7a230 Thread exited: 0x000001f2f1c7a230
Event: 3.550 Thread 0x000001f2d90eeb30 Thread added: 0x000001f2f1b9e800
Event: 3.551 Thread 0x000001f2f1b9e800 Thread added: 0x000001f2f1b9f790
Event: 3.565 Thread 0x000001f2d90eeb30 Thread added: 0x000001f2f1b9fdf0
Event: 3.568 Thread 0x000001f2d90eeb30 Thread added: 0x000001f2f1b94a30
Event: 3.569 Thread 0x000001f2d90eeb30 Thread added: 0x000001f2f1b95090
Event: 3.571 Thread 0x000001f2d90eeb30 Thread added: 0x000001f2f1e4aff0
Event: 3.616 Thread 0x000001f2f1c79b90 Thread exited: 0x000001f2f1c79b90
Event: 3.859 Thread 0x000001f2d90eeb30 Thread added: 0x000001f2f1c105b0
Event: 5.452 Thread 0x000001f2d90eeb30 Thread added: 0x000001f2f1acd5c0
Event: 5.454 Thread 0x000001f2d90eeb30 Thread added: 0x000001f2f617ece0
Event: 5.914 Thread 0x000001f2d9083270 Thread added: 0x000001f2f1c22340
Event: 6.971 Thread 0x000001f2f1c22340 Thread exited: 0x000001f2f1c22340
Event: 7.703 Thread 0x000001f2d9083270 Thread added: 0x000001f2f6172bc0
Event: 7.927 Thread 0x000001f2f6172bc0 Thread exited: 0x000001f2f6172bc0
Event: 8.482 Thread 0x000001f2d90eeb30 Thread added: 0x000001f2f617dfc0
Event: 9.554 Thread 0x000001f2f617dfc0 Thread added: 0x000001f2f617c580
Event: 9.554 Thread 0x000001f2f617dfc0 Thread added: 0x000001f2f617b860
Event: 10.561 Thread 0x000001f2d9083270 Thread added: 0x000001f2f1685940
Event: 10.572 Thread 0x000001f2d9083270 Thread added: 0x000001f2f1d7d5b0


Dynamic libraries:
0x00007ff6004c0000 - 0x00007ff6004ce000 	c:\Users\Thisi\.vscode\extensions\redhat.java-1.47.0-win32-x64\jre\21.0.8-win32-x86_64\bin\java.exe
0x00007ffef72a0000 - 0x00007ffef7508000 	C:\WINDOWS\SYSTEM32\ntdll.dll
0x00007ffef5db0000 - 0x00007ffef5e79000 	C:\WINDOWS\System32\KERNEL32.DLL
0x00007ffef4b80000 - 0x00007ffef4f78000 	C:\WINDOWS\System32\KERNELBASE.dll
0x00007ffef43f0000 - 0x00007ffef453b000 	C:\WINDOWS\System32\ucrtbase.dll
0x00007ffeb4d30000 - 0x00007ffeb4d4e000 	c:\Users\Thisi\.vscode\extensions\redhat.java-1.47.0-win32-x64\jre\21.0.8-win32-x86_64\bin\VCRUNTIME140.dll
0x00007ffeb3700000 - 0x00007ffeb3718000 	c:\Users\Thisi\.vscode\extensions\redhat.java-1.47.0-win32-x64\jre\21.0.8-win32-x86_64\bin\jli.dll
0x00007ffef7060000 - 0x00007ffef7227000 	C:\WINDOWS\System32\USER32.dll
0x00007ffef49e0000 - 0x00007ffef4a07000 	C:\WINDOWS\System32\win32u.dll
0x00007ffef7030000 - 0x00007ffef705b000 	C:\WINDOWS\System32\GDI32.dll
0x00007ffef48b0000 - 0x00007ffef49dc000 	C:\WINDOWS\System32\gdi32full.dll
0x00007ffef4800000 - 0x00007ffef48a3000 	C:\WINDOWS\System32\msvcp_win.dll
0x00007ffecc270000 - 0x00007ffecc504000 	C:\WINDOWS\WinSxS\amd64_microsoft.windows.common-controls_6595b64144ccf1df_6.0.26100.7019_none_3e06ffa0e335b8a8\COMCTL32.dll
0x00007ffef5490000 - 0x00007ffef5539000 	C:\WINDOWS\System32\msvcrt.dll
0x00007ffef50c0000 - 0x00007ffef50f1000 	C:\WINDOWS\System32\IMM32.DLL
0x00007ffeec280000 - 0x00007ffeec28c000 	c:\Users\Thisi\.vscode\extensions\redhat.java-1.47.0-win32-x64\jre\21.0.8-win32-x86_64\bin\vcruntime140_1.dll
0x00007ffe7ac80000 - 0x00007ffe7ad0d000 	c:\Users\Thisi\.vscode\extensions\redhat.java-1.47.0-win32-x64\jre\21.0.8-win32-x86_64\bin\msvcp140.dll
0x00007ffdea060000 - 0x00007ffdeadf7000 	c:\Users\Thisi\.vscode\extensions\redhat.java-1.47.0-win32-x64\jre\21.0.8-win32-x86_64\bin\server\jvm.dll
0x00007ffef5fd0000 - 0x00007ffef6084000 	C:\WINDOWS\System32\ADVAPI32.dll
0x00007ffef6190000 - 0x00007ffef6236000 	C:\WINDOWS\System32\sechost.dll
0x00007ffef5bb0000 - 0x00007ffef5cc8000 	C:\WINDOWS\System32\RPCRT4.dll
0x00007ffef6340000 - 0x00007ffef63b4000 	C:\WINDOWS\System32\WS2_32.dll
0x00007ffee94b0000 - 0x00007ffee94e5000 	C:\WINDOWS\SYSTEM32\WINMM.dll
0x00007ffedd910000 - 0x00007ffedd91b000 	C:\WINDOWS\SYSTEM32\VERSION.dll
0x00007ffef4250000 - 0x00007ffef42ae000 	C:\WINDOWS\SYSTEM32\POWRPROF.dll
0x00007ffef4230000 - 0x00007ffef4244000 	C:\WINDOWS\SYSTEM32\UMPDC.dll
0x00007ffef3170000 - 0x00007ffef318b000 	C:\WINDOWS\SYSTEM32\kernel.appcore.dll
0x00007ffed03f0000 - 0x00007ffed03fa000 	c:\Users\Thisi\.vscode\extensions\redhat.java-1.47.0-win32-x64\jre\21.0.8-win32-x86_64\bin\jimage.dll
0x00007ffef1ac0000 - 0x00007ffef1d02000 	C:\WINDOWS\SYSTEM32\DBGHELP.DLL
0x00007ffef6ca0000 - 0x00007ffef702b000 	C:\WINDOWS\System32\combase.dll
0x00007ffef5cd0000 - 0x00007ffef5da7000 	C:\WINDOWS\System32\OLEAUT32.dll
0x00007ffedf7d0000 - 0x00007ffedf80c000 	C:\WINDOWS\SYSTEM32\dbgcore.DLL
0x00007ffef4750000 - 0x00007ffef47f5000 	C:\WINDOWS\System32\bcryptPrimitives.dll
0x00007ffecf600000 - 0x00007ffecf60f000 	c:\Users\Thisi\.vscode\extensions\redhat.java-1.47.0-win32-x64\jre\21.0.8-win32-x86_64\bin\instrument.dll
0x00007ffeb2840000 - 0x00007ffeb285f000 	c:\Users\Thisi\.vscode\extensions\redhat.java-1.47.0-win32-x64\jre\21.0.8-win32-x86_64\bin\java.dll
0x00007ffef63c0000 - 0x00007ffef6b11000 	C:\WINDOWS\System32\SHELL32.dll
0x00007ffef4a10000 - 0x00007ffef4b7b000 	C:\WINDOWS\System32\wintypes.dll
0x00007ffef1fd0000 - 0x00007ffef282d000 	C:\WINDOWS\SYSTEM32\windows.storage.dll
0x00007ffef5190000 - 0x00007ffef5282000 	C:\WINDOWS\System32\SHCORE.dll
0x00007ffef6120000 - 0x00007ffef6187000 	C:\WINDOWS\System32\shlwapi.dll
0x00007ffef4310000 - 0x00007ffef4339000 	C:\WINDOWS\SYSTEM32\profapi.dll
0x00007ffeb4d80000 - 0x00007ffeb4d98000 	c:\Users\Thisi\.vscode\extensions\redhat.java-1.47.0-win32-x64\jre\21.0.8-win32-x86_64\bin\zip.dll
0x00007ffec3780000 - 0x00007ffec3790000 	C:\Users\Thisi\.vscode\extensions\redhat.java-1.47.0-win32-x64\jre\21.0.8-win32-x86_64\bin\net.dll
0x00007ffee3450000 - 0x00007ffee3578000 	C:\WINDOWS\SYSTEM32\WINHTTP.dll
0x00007ffef36c0000 - 0x00007ffef372b000 	C:\WINDOWS\system32\mswsock.dll
0x00007ffeab700000 - 0x00007ffeab716000 	C:\Users\Thisi\.vscode\extensions\redhat.java-1.47.0-win32-x64\jre\21.0.8-win32-x86_64\bin\nio.dll
0x00007ffec1b80000 - 0x00007ffec1b90000 	c:\Users\Thisi\.vscode\extensions\redhat.java-1.47.0-win32-x64\jre\21.0.8-win32-x86_64\bin\verify.dll
0x00007ffe7bde0000 - 0x00007ffe7be24000 	C:\Users\Thisi\AppData\Roaming\Code\User\globalStorage\redhat.java\1.47.0\config_ss_win\org.eclipse.equinox.launcher\org.eclipse.equinox.launcher.win32.win32.x86_64_1.2.1400.v20250801-0854\eclipse_11916.dll
0x00007ffef5290000 - 0x00007ffef5427000 	C:\WINDOWS\System32\ole32.dll

JVMTI agents:
c:\Users\Thisi\.vscode\extensions\redhat.java-1.47.0-win32-x64\lombok\lombok-1.18.39-4050.jar path:c:\Users\Thisi\.vscode\extensions\redhat.java-1.47.0-win32-x64\jre\21.0.8-win32-x86_64\bin\instrument.dll, loaded, initialized, instrumentlib options:none

dbghelp: loaded successfully - version: 4.0.5 - missing functions: none
symbol engine: initialized successfully - sym options: 0x614 - pdb path: .;c:\Users\Thisi\.vscode\extensions\redhat.java-1.47.0-win32-x64\jre\21.0.8-win32-x86_64\bin;C:\WINDOWS\SYSTEM32;C:\WINDOWS\WinSxS\amd64_microsoft.windows.common-controls_6595b64144ccf1df_6.0.26100.7019_none_3e06ffa0e335b8a8;c:\Users\Thisi\.vscode\extensions\redhat.java-1.47.0-win32-x64\jre\21.0.8-win32-x86_64\bin\server;C:\Users\Thisi\AppData\Roaming\Code\User\globalStorage\redhat.java\1.47.0\config_ss_win\org.eclipse.equinox.launcher\org.eclipse.equinox.launcher.win32.win32.x86_64_1.2.1400.v20250801-0854

VM Arguments:
jvm_args: --add-modules=ALL-SYSTEM --add-opens=java.base/java.util=ALL-UNNAMED --add-opens=java.base/java.lang=ALL-UNNAMED --add-opens=java.base/sun.nio.fs=ALL-UNNAMED -Declipse.application=org.eclipse.jdt.ls.core.id1 -Dosgi.bundles.defaultStartLevel=4 -Declipse.product=org.eclipse.jdt.ls.core.product -Djava.import.generatesMetadataFilesAtProjectRoot=false -DDetectVMInstallationsJob.disabled=true -Dfile.encoding=utf8 -XX:+UseParallelGC -XX:GCTimeRatio=4 -XX:AdaptiveSizePolicyWeight=90 -Dsun.zip.disableMemoryMapping=true -Xmx2G -Xms100m -Xlog:disable -javaagent:c:\Users\Thisi\.vscode\extensions\redhat.java-1.47.0-win32-x64\lombok\lombok-1.18.39-4050.jar 
java_command: c:\Users\Thisi\.vscode\extensions\redhat.java-1.47.0-win32-x64\server\plugins\org.eclipse.equinox.launcher_1.7.100.v20251014-1222.jar -configuration c:\Users\Thisi\AppData\Roaming\Code\User\globalStorage\redhat.java\1.47.0\config_ss_win -data c:\Users\Thisi\AppData\Roaming\Code\User\workspaceStorage\aa7b7efe11cc8f66dae6f3662980428e\redhat.java\ss_ws --pipe=\\.\pipe\lsp-f441cce70479b95aebe2ee79c1f04d7f-sock
java_class_path (initial): c:\Users\Thisi\.vscode\extensions\redhat.java-1.47.0-win32-x64\server\plugins\org.eclipse.equinox.launcher_1.7.100.v20251014-1222.jar
Launcher Type: SUN_STANDARD

[Global flags]
    uintx AdaptiveSizePolicyWeight                 = 90                                        {product} {command line}
     intx CICompilerCount                          = 4                                         {product} {ergonomic}
    uintx GCTimeRatio                              = 4                                         {product} {command line}
   size_t InitialHeapSize                          = 104857600                                 {product} {command line}
   size_t MaxHeapSize                              = 2147483648                                {product} {command line}
   size_t MaxNewSize                               = 715653120                                 {product} {ergonomic}
   size_t MinHeapDeltaBytes                        = 524288                                    {product} {ergonomic}
   size_t MinHeapSize                              = 104857600                                 {product} {command line}
   size_t NewSize                                  = 34603008                                  {product} {ergonomic}
    uintx NonNMethodCodeHeapSize                   = 5839372                                {pd product} {ergonomic}
    uintx NonProfiledCodeHeapSize                  = 122909434                              {pd product} {ergonomic}
   size_t OldSize                                  = 70254592                                  {product} {ergonomic}
    uintx ProfiledCodeHeapSize                     = 122909434                              {pd product} {ergonomic}
    uintx ReservedCodeCacheSize                    = 251658240                              {pd product} {ergonomic}
     bool SegmentedCodeCache                       = true                                      {product} {ergonomic}
   size_t SoftMaxHeapSize                          = 2147483648                             {manageable} {ergonomic}
     bool UseCompressedOops                        = true                           {product lp64_product} {ergonomic}
     bool UseLargePagesIndividualAllocation        = false                                  {pd product} {ergonomic}
     bool UseParallelGC                            = true                                      {product} {command line}

Logging:
Log output configuration:
 #0: stdout all=off uptime,level,tags foldmultilines=false
 #1: stderr all=off uptime,level,tags foldmultilines=false

Environment Variables:
JAVA_HOME=C:\Program Files\Eclipse Adoptium\jdk-21.0.8.9-hotspot\
PATH=C:\Program Files\Eclipse Adoptium\jdk-21.0.8.9-hotspot\bin;C:\Program Files\Smart Projects\IsoBuster;C:\WINDOWS\system32;C:\WINDOWS;C:\WINDOWS\System32\Wbem;C:\WINDOWS\System32\WindowsPowerShell\v1.0\;C:\WINDOWS\System32\OpenSSH\;C:\Program Files (x86)\AMD\ATI.ACE\Core-Static;C:\Program Files\dotnet\;C:\Program Files (x86)\Windows Kits\10\Windows Performance Toolkit\;C:\Program Files (x86)\NVIDIA Corporation\PhysX\Common;C:\Program Files\Git\cmd;C:\Users\Thisi\Documents\Visual Studio 2022\apache-maven-3.9.11\bin;C:\Program Files\nodejs\;C:\Program Files (x86)\Microsoft SQL Server\160\Tools\Binn\;C:\Program Files\Microsoft SQL Server\160\Tools\Binn\;C:\Program Files\Microsoft SQL Server\Client SDK\ODBC\170\Tools\Binn\;C:\Program Files\Microsoft SQL Server\160\DTS\Binn\;C:\Program Files\NVIDIA Corporation\NVIDIA NvDLISR;C:\Users\Thisi\AppData\Local\Programs\Python\Python313\Scripts\;C:\Users\Thisi\AppData\Local\Programs\Python\Python313\;C:\Users\Thisi\AppData\Local\Microsoft\WindowsApps;C:\Users\Thisi\AppData\Local\Programs\Microsoft VS Code\bin;C:\Users\Thisi\AppData\Roaming\npm
USERNAME=Thisi
OS=Windows_NT
PROCESSOR_IDENTIFIER=Intel64 Family 6 Model 140 Stepping 1, GenuineIntel
TMP=C:\Users\Thisi\AppData\Local\Temp
TEMP=C:\Users\Thisi\AppData\Local\Temp




Periodic native trim disabled

---------------  S Y S T E M  ---------------

OS:
 Windows 11 , 64 bit Build 26100 (10.0.26100.7019)
OS uptime: 0 days 10:51 hours
Hyper-V role detected

CPU: total 8 (initial active 8) (4 cores per cpu, 2 threads per core) family 6 model 140 stepping 1 microcode 0x86, cx8, cmov, fxsr, ht, mmx, 3dnowpref, sse, sse2, sse3, ssse3, sse4.1, sse4.2, popcnt, lzcnt, tsc, tscinvbit, avx, avx2, aes, erms, clmul, bmi1, bmi2, adx, avx512f, avx512dq, avx512cd, avx512bw, avx512vl, sha, fma, vzeroupper, avx512_vpopcntdq, avx512_vpclmulqdq, avx512_vaes, avx512_vnni, clflush, clflushopt, clwb, avx512_vbmi2, avx512_vbmi, hv, rdtscp, rdpid, fsrm, gfni, avx512_bitalg, f16c, cet_ibt, cet_ss, avx512_ifma
Processor Information for the first 8 processors :
  Max Mhz: 2419, Current Mhz: 2419, Mhz Limit: 2419

Memory: 4k page, system-wide physical 16082M (894M free)
TotalPageFile size 19183M (AvailPageFile size 253M)
current process WorkingSet (physical memory assigned to process): 100M, peak: 100M
current process commit charge ("private bytes"): 247M, peak: 247M

vm_info: OpenJDK 64-Bit Server VM (21.0.8+9-LTS) for windows-amd64 JRE (21.0.8+9-LTS), built on 2025-07-15T00:00:00Z by "admin" with MS VC++ 17.7 (VS2022)

END.
